SF:lib/exceptions/geo_exceptions.dart
DA:23,2
DA:29,1
DA:31,3
DA:32,1
DA:33,3
DA:35,1
DA:36,3
DA:38,1
DA:71,1
DA:80,1
DA:81,1
DA:82,1
DA:89,1
DA:90,1
DA:99,1
DA:100,1
DA:101,1
DA:109,1
DA:110,1
DA:111,1
DA:118,1
DA:120,3
DA:121,3
DA:122,4
DA:123,1
DA:152,1
DA:153,1
DA:154,1
DA:161,1
DA:162,1
DA:169,1
DA:170,1
DA:177,1
DA:179,1
DA:185,1
DA:191,1
DA:193,3
DA:194,1
DA:195,3
DA:197,4
DA:198,1
DA:229,1
DA:230,1
DA:231,1
DA:238,1
DA:239,1
DA:240,1
DA:247,1
DA:251,1
DA:252,1
DA:260,1
DA:264,1
DA:267,1
DA:271,3
DA:273,1
DA:274,1
DA:281,1
DA:288,1
DA:290,3
DA:291,2
DA:292,1
DA:293,4
DA:294,1
DA:295,2
DA:296,3
DA:298,1
DA:300,4
DA:301,1
DA:323,1
DA:330,1
DA:332,1
DA:340,1
DA:342,1
DA:350,1
DA:351,1
DA:358,1
DA:360,3
LF:77
LH:77
end_of_record
SF:lib/utils/geo_math.dart
DA:50,5
DA:51,10
DA:63,1
DA:64,2
DA:74,1
DA:75,1
DA:76,1
DA:87,1
DA:88,1
DA:89,2
DA:118,5
DA:124,10
DA:125,10
DA:127,5
DA:128,5
DA:130,20
DA:131,35
DA:133,25
DA:135,5
DA:151,2
DA:158,4
DA:159,4
DA:160,2
DA:161,8
DA:163,8
DA:190,1
DA:196,1
DA:197,1
DA:198,2
DA:200,3
DA:201,4
DA:202,5
DA:204,2
DA:206,1
DA:228,1
DA:234,1
DA:235,1
DA:236,1
DA:238,1
DA:240,1
DA:241,4
DA:242,5
DA:245,1
DA:246,1
DA:247,5
DA:248,5
DA:251,1
DA:252,1
DA:253,1
DA:278,1
DA:284,1
DA:285,1
DA:286,1
DA:287,2
DA:289,3
DA:290,3
DA:292,1
DA:293,3
DA:294,8
DA:297,4
DA:299,1
DA:300,1
DA:301,1
LF:63
LH:63
end_of_record
SF:lib/services/geo_circle_service.dart
DA:57,3
DA:61,3
DA:63,3
DA:66,6
DA:76,1
DA:80,1
DA:102,1
DA:107,1
DA:109,1
DA:112,4
DA:145,1
DA:149,1
DA:151,1
DA:154,2
DA:164,1
DA:168,2
DA:192,2
DA:196,6
DA:199,2
DA:209,1
DA:213,3
DA:216,1
DA:226,2
DA:230,6
DA:233,2
DA:243,1
DA:247,3
DA:270,1
DA:274,1
DA:276,1
DA:277,3
DA:304,1
DA:310,1
DA:311,2
DA:314,1
DA:315,2
DA:318,3
DA:319,3
DA:320,1
DA:321,2
DA:323,1
DA:324,4
DA:325,5
DA:328,1
DA:329,1
DA:330,5
DA:331,4
DA:334,1
DA:335,1
DA:336,1
DA:348,1
DA:353,3
DA:357,1
DA:375,2
DA:379,2
DA:380,2
DA:381,2
DA:384,8
DA:394,2
DA:398,2
DA:399,2
DA:400,2
DA:403,8
LF:63
LH:63
end_of_record
SF:lib/models/geo_circle.dart
DA:35,4
DA:38,8
DA:54,1
DA:55,1
DA:56,2
DA:57,1
DA:71,1
DA:72,1
DA:73,2
DA:74,1
DA:90,10
DA:104,8
DA:107,0
DA:108,0
DA:111,1
DA:114,1
DA:115,3
DA:116,3
DA:119,0
DA:120,0
LF:20
LH:16
end_of_record
SF:lib/models/geo_point.dart
DA:45,19
DA:48,36
DA:50,36
DA:60,3
DA:61,3
DA:62,3
DA:63,3
DA:75,6
DA:76,6
DA:77,6
DA:78,6
DA:89,2
DA:90,6
DA:95,7
DA:98,4
DA:99,12
DA:100,6
DA:103,2
DA:104,10
LF:19
LH:19
end_of_record
SF:lib/services/geo_distance_service.dart
DA:43,4
DA:47,4
DA:48,4
DA:49,4
DA:50,4
DA:51,4
DA:77,2
DA:82,6
DA:83,2
DA:96,1
DA:100,1
DA:101,1
DA:102,1
DA:103,1
DA:104,1
DA:131,2
DA:135,2
DA:140,4
DA:141,2
DA:142,2
DA:158,1
DA:162,1
DA:167,2
DA:168,1
DA:169,1
DA:197,2
DA:202,2
DA:204,4
DA:205,2
DA:206,2
DA:208,2
DA:209,1
DA:239,1
DA:244,2
DA:245,1
DA:246,1
DA:247,1
DA:270,2
DA:275,2
DA:277,4
DA:278,2
DA:279,2
DA:280,4
DA:288,4
DA:289,6
DA:315,1
DA:320,2
DA:331,1
DA:336,2
DA:337,2
LF:50
LH:50
end_of_record
SF:lib/models/geo_polygon.dart
DA:34,4
DA:36,12
DA:50,1
DA:51,1
DA:52,4
DA:72,3
DA:78,3
DA:79,3
DA:80,3
DA:81,3
DA:82,3
DA:83,3
DA:89,3
DA:98,1
DA:99,3
DA:104,4
DA:105,2
DA:106,6
DA:107,6
DA:110,8
DA:111,7
DA:113,1
DA:114,1
DA:131,2
DA:132,4
DA:133,0
DA:139,4
DA:140,4
DA:141,4
DA:144,2
DA:145,6
DA:146,6
DA:157,1
DA:158,5
DA:162,0
DA:163,0
DA:166,0
DA:169,0
DA:170,0
DA:171,0
DA:174,0
DA:175,0
DA:178,0
DA:179,0
DA:180,0
DA:181,0
LF:46
LH:33
end_of_record
SF:lib/services/geo_polygon_service.dart
DA:55,2
DA:61,2
DA:65,4
DA:72,2
DA:74,2
DA:76,4
DA:77,2
DA:78,6
DA:80,2
DA:81,2
DA:86,4
DA:96,2
DA:101,2
DA:102,2
DA:104,2
DA:105,2
DA:107,2
DA:108,2
DA:111,6
DA:116,4
DA:122,12
DA:125,2
DA:140,2
DA:145,2
DA:147,6
DA:148,2
DA:149,8
DA:151,2
DA:163,2
DA:170,6
DA:171,2
DA:172,2
DA:173,6
DA:174,2
DA:175,2
DA:176,6
DA:177,2
DA:178,2
DA:179,6
DA:180,2
DA:181,2
DA:183,6
DA:184,6
DA:185,6
DA:186,6
DA:192,8
DA:193,8
DA:194,14
DA:196,4
DA:214,2
DA:215,2
DA:218,4
DA:223,6
DA:224,2
DA:225,8
DA:227,2
DA:241,2
DA:242,2
DA:243,4
DA:248,6
DA:249,2
DA:250,8
DA:251,8
DA:255,16
DA:256,14
DA:258,2
DA:259,2
DA:289,2
DA:293,6
DA:296,2
DA:306,1
DA:310,3
DA:313,1
DA:323,2
DA:327,6
DA:330,2
DA:340,1
DA:344,3
DA:357,2
DA:358,2
DA:361,6
DA:362,6
DA:363,12
DA:364,12
DA:367,4
DA:372,4
DA:378,2
DA:379,2
DA:382,6
DA:383,2
DA:384,8
DA:387,8
DA:388,8
DA:389,2
DA:390,14
DA:392,10
DA:405,2
DA:406,2
DA:408,4
DA:409,4
DA:410,4
DA:411,4
DA:413,4
DA:414,6
DA:415,5
DA:416,4
DA:417,6
DA:420,2
DA:434,1
DA:438,1
DA:440,3
DA:441,3
DA:442,3
DA:443,3
DA:452,1
DA:457,1
DA:462,0
LF:117
LH:116
end_of_record
SF:lib/extensions/geo_point_extensions.dart
DA:30,1
DA:31,3
DA:42,1
DA:43,3
DA:75,1
DA:76,4
DA:89,1
DA:90,4
DA:103,1
DA:104,6
DA:120,1
DA:121,3
DA:134,0
DA:135,0
LF:14
LH:12
end_of_record
SF:lib/geo_widget/geo_geofence_base.dart
DA:47,3
DA:67,3
DA:68,3
DA:69,3
DA:70,6
DA:71,3
DA:72,3
DA:73,3
LF:8
LH:8
end_of_record
SF:lib/geo_widget/geo_geofence_map.dart
DA:114,0
DA:136,0
DA:139,0
DA:141,0
DA:142,0
DA:151,0
DA:152,0
DA:153,0
DA:154,0
DA:155,0
DA:156,0
DA:157,0
DA:158,0
DA:159,0
DA:160,0
DA:161,0
DA:162,0
DA:163,0
DA:164,0
DA:165,0
DA:166,0
DA:167,0
DA:168,0
DA:171,0
DA:172,0
DA:173,0
DA:174,0
DA:175,0
DA:176,0
DA:177,0
DA:178,0
DA:179,0
DA:180,0
DA:181,0
DA:182,0
DA:183,0
DA:184,0
DA:185,0
DA:186,0
DA:187,0
DA:188,0
DA:189,0
DA:192,0
DA:194,0
DA:195,0
DA:196,0
DA:197,0
DA:198,0
DA:199,0
DA:200,0
DA:201,0
DA:202,0
DA:203,0
DA:204,0
DA:205,0
DA:206,0
DA:207,0
DA:208,0
DA:209,0
DA:210,0
DA:211,0
DA:214,0
DA:215,0
DA:216,0
DA:217,0
DA:218,0
DA:219,0
DA:220,0
DA:221,0
DA:222,0
DA:223,0
DA:224,0
DA:225,0
DA:226,0
DA:227,0
DA:228,0
DA:229,0
DA:230,0
DA:231,0
DA:237,0
DA:238,0
DA:239,0
DA:243,0
DA:251,7
DA:253,0
DA:255,0
DA:258,0
DA:260,0
DA:270,0
DA:271,0
LF:90
LH:1
end_of_record
SF:lib/geo_widget/geo_circle_widget.dart
DA:40,1
DA:52,0
DA:53,0
DA:56,1
DA:62,1
DA:63,3
DA:71,1
DA:78,1
DA:79,3
DA:90,1
DA:97,1
DA:98,3
DA:109,1
DA:116,1
DA:117,3
DA:128,1
DA:135,1
DA:136,3
DA:146,1
DA:148,2
DA:149,1
DA:151,2
DA:152,1
DA:156,1
DA:158,1
DA:159,1
DA:160,1
DA:161,3
DA:162,2
DA:163,2
DA:164,3
DA:168,1
DA:170,6
DA:172,1
DA:175,1
DA:176,3
DA:177,3
DA:178,3
DA:179,5
DA:180,3
DA:181,5
DA:182,3
DA:184,1
DA:186,3
DA:187,3
DA:188,3
DA:189,4
DA:190,3
DA:191,4
DA:192,2
LF:50
LH:48
end_of_record
SF:lib/geo_widget/geo_polygon_widget.dart
DA:40,1
DA:51,0
DA:52,0
DA:55,1
DA:63,1
DA:64,1
DA:65,1
DA:66,1
DA:67,1
DA:68,1
DA:69,1
DA:76,1
DA:82,5
DA:83,1
DA:85,1
DA:86,2
DA:93,1
DA:99,1
DA:100,2
DA:110,1
DA:116,1
DA:117,2
DA:127,1
DA:133,1
DA:134,2
DA:143,1
DA:145,3
DA:146,1
DA:148,2
DA:149,1
DA:153,1
DA:155,1
DA:156,1
DA:157,1
DA:158,6
DA:159,2
DA:160,3
DA:165,3
DA:168,1
DA:169,2
DA:170,1
DA:176,2
DA:177,2
DA:178,2
DA:181,1
DA:182,3
DA:183,3
DA:187,1
DA:189,3
DA:191,1
DA:194,1
DA:195,3
DA:196,5
DA:197,3
DA:198,5
DA:199,3
DA:200,5
DA:202,1
DA:204,3
DA:205,4
DA:206,4
DA:207,3
DA:208,3
DA:210,1
DA:211,3
DA:212,3
DA:213,3
LF:67
LH:65
end_of_record
SF:lib/geo_widget/geo_polyline_widget.dart
DA:63,1
DA:76,1
DA:78,0
DA:80,0
DA:81,0
DA:84,0
DA:88,1
DA:96,1
DA:97,2
DA:110,1
DA:118,1
DA:119,2
DA:133,1
DA:141,1
DA:142,2
DA:155,1
DA:163,1
DA:164,2
DA:177,1
DA:185,1
DA:186,2
DA:199,1
DA:201,3
DA:202,1
DA:204,2
DA:205,1
DA:207,3
DA:208,1
DA:212,1
DA:214,1
DA:215,1
DA:216,1
DA:217,6
DA:218,2
DA:219,3
DA:220,2
DA:221,2
DA:222,3
DA:227,3
DA:232,1
DA:233,3
DA:236,5
DA:237,7
DA:243,1
DA:246,3
DA:247,3
DA:248,5
DA:249,5
DA:251,4
DA:252,4
DA:253,2
DA:254,2
DA:255,4
DA:256,3
DA:258,3
DA:260,1
DA:263,1
DA:265,5
DA:267,1
DA:270,1
DA:271,3
DA:272,5
DA:273,3
DA:274,3
DA:275,3
DA:276,3
DA:277,5
DA:279,1
DA:281,3
DA:282,4
DA:283,3
DA:284,3
DA:285,3
DA:286,3
DA:288,1
DA:289,3
DA:290,3
DA:291,3
DA:298,2
DA:299,2
DA:300,2
DA:301,2
DA:302,0
DA:305,1
DA:309,2
DA:310,1
DA:311,7
DA:316,1
DA:320,2
DA:321,1
DA:322,7
DA:327,1
DA:328,1
DA:329,1
DA:331,2
DA:332,3
DA:337,1
DA:338,3
DA:340,5
DA:343,1
DA:345,1
DA:346,2
DA:349,1
DA:350,2
DA:351,2
DA:352,2
LF:106
LH:101
end_of_record
SF:lib/geo_widget/geo_marker_widget.dart
DA:82,0
DA:98,0
DA:101,0
DA:108,0
DA:112,0
DA:113,0
DA:114,0
DA:115,0
DA:116,0
DA:117,0
DA:118,0
DA:119,0
DA:120,0
DA:126,0
DA:131,0
DA:132,0
DA:140,0
DA:151,0
DA:154,0
DA:163,0
DA:176,0
DA:188,0
DA:191,0
DA:202,0
DA:206,0
DA:207,0
DA:209,0
DA:211,0
DA:213,0
DA:214,0
DA:216,0
DA:217,0
DA:219,0
DA:220,0
DA:226,0
DA:227,0
DA:228,0
DA:230,0
DA:231,0
DA:232,0
DA:233,0
DA:234,0
DA:235,0
DA:236,0
DA:237,0
DA:242,0
DA:244,0
DA:245,0
DA:246,0
DA:247,0
DA:248,0
DA:249,0
DA:250,0
DA:251,0
DA:252,0
DA:253,0
DA:254,0
DA:255,0
DA:256,0
DA:257,0
DA:258,0
DA:259,0
DA:263,0
DA:264,0
DA:265,0
DA:266,0
DA:267,0
DA:269,0
DA:272,0
DA:273,0
DA:274,0
DA:275,0
DA:276,0
DA:277,0
DA:278,0
DA:279,0
DA:280,0
DA:281,0
DA:283,0
DA:285,0
DA:286,0
DA:287,0
DA:288,0
DA:289,0
DA:290,0
DA:291,0
DA:292,0
DA:293,0
LF:88
LH:0
end_of_record
SF:lib/geo_widget/map_provider.dart
DA:27,1
DA:29,1
DA:31,1
DA:33,1
DA:39,1
DA:41,1
DA:43,1
DA:45,1
DA:51,1
DA:53,1
DA:55,1
DA:57,1
DA:63,1
DA:65,1
DA:67,1
DA:69,1
LF:16
LH:16
end_of_record
SF:lib/geo_widget/builders/circle_overlay_builder.dart
DA:13,0
DA:30,0
DA:34,0
DA:35,0
DA:36,0
DA:38,0
DA:39,0
DA:40,0
DA:41,0
DA:42,0
DA:44,0
DA:45,0
DA:46,0
DA:47,0
DA:48,0
DA:50,0
DA:69,0
DA:73,0
DA:74,0
DA:75,0
DA:76,0
DA:77,0
DA:78,0
DA:79,0
DA:80,0
DA:81,0
DA:83,0
DA:84,0
DA:85,0
DA:86,0
DA:87,0
DA:89,0
DA:90,0
DA:91,0
DA:97,0
DA:101,0
DA:105,0
DA:109,0
LF:38
LH:0
end_of_record
SF:lib/geo_widget/builders/polygon_overlay_builder.dart
DA:13,0
DA:32,0
DA:36,0
DA:37,0
DA:38,0
DA:39,0
DA:40,0
DA:41,0
DA:42,0
DA:44,0
DA:45,0
DA:46,0
DA:47,0
DA:48,0
DA:50,0
DA:72,0
DA:76,0
DA:77,0
DA:78,0
DA:79,0
DA:80,0
DA:81,0
DA:82,0
DA:83,0
DA:85,0
DA:86,0
DA:87,0
DA:88,0
DA:89,0
DA:91,0
DA:92,0
DA:93,0
DA:100,0
DA:104,0
DA:108,0
DA:112,0
LF:36
LH:0
end_of_record
SF:lib/geo_widget/builders/polyline_overlay_builder.dart
DA:13,0
DA:27,0
DA:31,0
DA:32,0
DA:33,0
DA:34,0
DA:35,0
DA:36,0
DA:37,0
DA:38,0
DA:42,0
DA:43,0
DA:59,0
DA:63,0
DA:64,0
DA:65,0
DA:66,0
DA:67,0
DA:68,0
DA:69,0
DA:70,0
DA:71,0
DA:73,0
DA:74,0
DA:76,0
DA:77,0
DA:78,0
DA:80,0
DA:85,0
DA:89,0
DA:93,0
DA:97,0
DA:101,0
DA:103,0
DA:105,0
DA:107,0
DA:113,0
DA:115,0
DA:117,0
DA:119,0
DA:125,0
DA:126,0
DA:128,0
DA:129,0
DA:130,0
DA:132,0
DA:134,0
DA:138,0
DA:139,0
DA:142,0
DA:143,0
LF:51
LH:0
end_of_record
SF:lib/markers/models/marker_config.dart
DA:59,0
DA:80,0
DA:99,0
DA:100,0
DA:101,0
DA:102,0
DA:103,0
DA:104,0
DA:105,0
DA:106,0
DA:107,0
DA:108,0
DA:109,0
DA:110,0
DA:111,0
DA:112,0
DA:113,0
DA:114,0
DA:115,0
DA:116,0
DA:121,0
DA:122,0
DA:123,0
DA:125,0
DA:126,0
DA:128,0
DA:129,0
DA:131,0
DA:132,0
DA:134,0
DA:135,0
DA:140,0
DA:141,0
DA:145,0
DA:146,0
DA:147,0
DA:148,0
DA:149,0
DA:150,0
DA:151,0
DA:152,0
DA:153,0
DA:154,0
DA:155,0
DA:156,0
DA:157,0
DA:158,0
DA:159,0
DA:160,0
DA:161,0
DA:162,0
DA:163,0
DA:167,0
DA:170,0
DA:171,0
DA:172,0
DA:173,0
DA:174,0
DA:175,0
DA:176,0
DA:177,0
DA:178,0
DA:179,0
DA:180,0
DA:181,0
DA:182,0
DA:184,0
DA:186,0
DA:187,0
DA:188,0
DA:189,0
DA:190,0
DA:191,0
DA:192,0
DA:193,0
DA:194,0
DA:195,0
DA:196,0
DA:197,0
LF:79
LH:0
end_of_record
SF:lib/geo_widget/implementations/flutter_map_impl.dart
DA:95,0
DA:115,0
DA:116,0
DA:127,0
DA:129,0
DA:130,0
DA:131,0
DA:134,0
DA:136,0
DA:137,0
DA:140,0
DA:141,0
DA:145,0
DA:146,0
DA:147,0
DA:148,0
DA:149,0
DA:154,0
DA:155,0
DA:156,0
DA:157,0
DA:158,0
DA:159,0
DA:161,0
DA:162,0
DA:163,0
DA:171,0
DA:172,0
DA:173,0
DA:174,0
DA:175,0
DA:176,0
DA:177,0
DA:185,0
DA:186,0
DA:187,0
DA:188,0
DA:189,0
DA:190,0
DA:198,0
DA:199,0
DA:204,0
DA:205,0
DA:206,0
DA:207,0
DA:210,0
DA:211,0
DA:212,0
DA:213,0
DA:216,0
DA:217,0
DA:221,0
DA:222,0
DA:223,0
DA:224,0
DA:225,0
DA:232,0
DA:233,0
DA:234,0
DA:235,0
DA:236,0
DA:238,0
DA:239,0
DA:240,0
DA:241,0
DA:245,0
DA:246,0
DA:247,0
DA:248,0
DA:249,0
DA:250,0
DA:252,0
DA:253,0
DA:256,0
DA:257,0
DA:258,0
DA:260,0
DA:263,0
DA:264,0
DA:265,0
DA:269,0
DA:270,0
DA:271,0
DA:272,0
DA:273,0
DA:277,0
DA:278,0
DA:279,0
DA:280,0
DA:281,0
DA:285,0
DA:287,0
DA:288,0
DA:289,0
DA:290,0
DA:291,0
DA:292,0
DA:293,0
DA:294,0
DA:295,0
DA:296,0
DA:297,0
DA:301,0
DA:302,0
DA:303,0
DA:305,0
DA:306,0
DA:307,0
DA:312,0
DA:313,0
DA:319,0
DA:320,0
DA:322,0
DA:323,0
DA:325,0
DA:326,0
DA:329,0
DA:330,0
DA:335,0
DA:336,0
DA:339,0
DA:340,0
DA:341,0
DA:343,0
DA:346,0
DA:348,0
DA:354,0
DA:355,0
DA:356,0
DA:357,0
DA:358,0
DA:359,0
DA:360,0
DA:361,0
DA:362,0
DA:363,0
DA:364,0
DA:365,0
DA:366,0
DA:375,0
DA:376,0
DA:377,0
DA:378,0
DA:379,0
DA:380,0
DA:382,0
DA:390,0
DA:391,0
DA:392,0
DA:393,0
DA:394,0
DA:395,0
DA:397,0
DA:405,0
DA:406,0
DA:407,0
DA:408,0
DA:409,0
DA:410,0
DA:412,0
DA:420,0
DA:421,0
DA:422,0
DA:425,0
DA:426,0
DA:427,0
DA:428,0
DA:429,0
DA:431,0
DA:432,0
DA:438,0
DA:439,0
DA:440,0
DA:441,0
DA:443,0
DA:444,0
DA:445,0
DA:448,0
DA:449,0
DA:450,0
DA:451,0
DA:452,0
DA:453,0
DA:459,0
DA:460,0
DA:461,0
DA:462,0
DA:464,0
DA:465,0
DA:466,0
DA:469,0
DA:470,0
DA:471,0
DA:472,0
DA:473,0
DA:474,0
DA:479,0
DA:480,0
DA:481,0
DA:483,0
DA:484,0
DA:485,0
DA:488,0
DA:489,0
DA:490,0
DA:491,0
DA:492,0
DA:493,0
DA:504,0
DA:505,0
DA:506,0
DA:507,0
DA:508,0
DA:509,0
DA:512,0
DA:513,0
DA:514,0
DA:515,0
DA:516,0
DA:517,0
DA:518,0
DA:519,0
DA:520,0
DA:521,0
DA:526,0
DA:527,0
DA:537,0
DA:542,0
DA:544,0
DA:547,0
DA:549,0
DA:550,0
DA:551,0
DA:552,0
DA:558,0
DA:560,0
DA:561,0
DA:562,0
DA:563,0
DA:564,0
DA:581,0
DA:588,0
DA:592,0
DA:593,0
DA:595,0
DA:596,0
DA:599,0
DA:602,0
DA:603,0
DA:604,0
DA:605,0
DA:606,0
DA:607,0
DA:608,0
DA:609,0
DA:610,0
DA:620,0
DA:625,0
DA:626,0
DA:629,0
DA:630,0
DA:633,0
DA:634,0
DA:635,0
DA:637,0
DA:640,0
DA:641,0
DA:642,0
LF:268
LH:0
end_of_record
SF:lib/geo_widget/implementations/google_map_impl.dart
DA:90,0
DA:111,0
DA:112,0
DA:123,0
DA:125,0
DA:127,0
DA:129,0
DA:130,0
DA:131,0
DA:135,0
DA:137,0
DA:138,0
DA:139,0
DA:140,0
DA:142,0
DA:143,0
DA:147,0
DA:148,0
DA:149,0
DA:150,0
DA:152,0
DA:153,0
DA:154,0
DA:155,0
DA:157,0
DA:160,0
DA:161,0
DA:162,0
DA:164,0
DA:167,0
DA:168,0
DA:169,0
DA:171,0
DA:178,0
DA:179,0
DA:183,0
DA:184,0
DA:187,0
DA:188,0
DA:189,0
DA:190,0
DA:191,0
DA:198,0
DA:201,0
DA:202,0
DA:203,0
DA:205,0
DA:206,0
DA:207,0
DA:209,0
DA:210,0
DA:212,0
DA:213,0
DA:214,0
DA:215,0
DA:216,0
DA:222,0
DA:223,0
DA:224,0
DA:225,0
DA:226,0
DA:228,0
DA:229,0
DA:230,0
DA:232,0
DA:233,0
DA:235,0
DA:236,0
DA:237,0
DA:238,0
DA:239,0
DA:245,0
DA:246,0
DA:247,0
DA:248,0
DA:249,0
DA:251,0
DA:252,0
DA:253,0
DA:255,0
DA:256,0
DA:258,0
DA:259,0
DA:260,0
DA:261,0
DA:262,0
DA:267,0
DA:268,0
DA:269,0
DA:270,0
DA:272,0
DA:273,0
DA:274,0
DA:276,0
DA:277,0
DA:279,0
DA:280,0
DA:281,0
DA:282,0
DA:283,0
DA:291,0
DA:292,0
DA:293,0
DA:294,0
DA:295,0
DA:300,0
DA:301,0
DA:302,0
DA:306,0
DA:307,0
DA:308,0
DA:312,0
DA:314,0
DA:315,0
DA:316,0
DA:317,0
DA:318,0
DA:319,0
DA:320,0
DA:322,0
DA:323,0
DA:324,0
DA:325,0
DA:326,0
DA:327,0
DA:328,0
DA:329,0
DA:330,0
DA:331,0
DA:332,0
DA:333,0
DA:339,0
DA:340,0
DA:343,0
DA:345,0
DA:347,0
DA:348,0
DA:349,0
DA:350,0
DA:356,0
DA:358,0
DA:359,0
DA:362,0
DA:365,0
LF:144
LH:0
end_of_record
SF:lib/markers/models/marker_type.dart
DA:13,0
DA:16,0
DA:19,0
DA:21,0
DA:23,0
DA:29,0
DA:31,0
DA:33,0
LF:8
LH:0
end_of_record
SF:lib/markers/factory/marker_factory.dart
DA:14,0
DA:15,0
DA:18,0
DA:20,0
DA:21,0
DA:22,0
DA:23,0
DA:24,0
DA:25,0
DA:30,0
DA:35,0
DA:43,0
DA:48,0
DA:56,0
DA:59,0
DA:63,0
DA:66,0
DA:67,0
DA:71,0
DA:72,0
DA:76,0
DA:77,0
DA:81,0
DA:82,0
LF:24
LH:0
end_of_record
SF:lib/markers/adapters/flutter_map_marker_adapter.dart
DA:14,0
DA:16,0
DA:19,0
DA:21,0
DA:24,0
DA:30,0
DA:32,0
DA:33,0
DA:34,0
DA:35,0
DA:36,0
DA:42,0
DA:43,0
DA:44,0
DA:45,0
DA:46,0
DA:47,0
DA:48,0
DA:49,0
DA:50,0
DA:51,0
DA:52,0
DA:56,0
DA:57,0
DA:58,0
DA:59,0
DA:60,0
DA:61,0
DA:62,0
DA:63,0
DA:65,0
DA:67,0
DA:68,0
DA:69,0
DA:70,0
DA:73,0
DA:74,0
DA:75,0
DA:78,0
DA:81,0
DA:90,0
DA:96,0
DA:98,0
DA:102,0
DA:104,0
DA:105,0
DA:106,0
DA:107,0
DA:108,0
DA:109,0
DA:111,0
DA:117,0
DA:124,0
DA:128,0
DA:133,0
DA:140,0
DA:146,0
DA:152,0
DA:159,0
DA:161,0
DA:162,0
DA:163,0
DA:164,0
DA:166,0
DA:174,0
DA:176,0
DA:177,0
DA:178,0
LF:68
LH:0
end_of_record
SF:lib/markers/widgets/marker_info_window.dart
DA:11,0
DA:19,0
DA:21,0
DA:23,0
DA:25,0
DA:26,0
DA:27,0
DA:28,0
DA:34,0
DA:37,0
DA:39,0
DA:41,0
DA:48,0
DA:49,0
DA:50,0
DA:51,0
DA:52,0
DA:62,0
DA:63,0
DA:64,0
DA:65,0
DA:66,0
DA:68,0
DA:71,0
DA:79,0
DA:80,0
DA:82,0
DA:83,0
DA:84,0
DA:85,0
DA:87,0
DA:94,0
DA:96,0
DA:108,0
DA:110,0
DA:112,0
DA:113,0
DA:114,0
DA:116,0
DA:117,0
DA:118,0
DA:119,0
DA:120,0
DA:122,0
DA:125,0
DA:127,0
LF:46
LH:0
end_of_record
SF:lib/markers/adapters/google_map_marker_adapter.dart
DA:18,0
DA:20,0
DA:22,0
DA:23,0
DA:24,0
DA:25,0
DA:28,0
DA:34,0
DA:36,0
DA:39,0
DA:41,0
DA:44,0
DA:51,0
DA:52,0
DA:53,0
DA:54,0
DA:58,0
DA:59,0
DA:60,0
DA:61,0
DA:62,0
DA:63,0
DA:64,0
DA:65,0
DA:66,0
DA:68,0
DA:69,0
DA:70,0
DA:71,0
DA:72,0
DA:75,0
DA:76,0
DA:77,0
DA:80,0
DA:83,0
DA:90,0
DA:91,0
DA:92,0
DA:96,0
DA:97,0
DA:98,0
DA:99,0
DA:100,0
DA:101,0
DA:102,0
DA:103,0
DA:104,0
DA:106,0
DA:109,0
DA:113,0
DA:118,0
DA:126,0
DA:127,0
DA:130,0
DA:133,0
DA:134,0
DA:137,0
DA:138,0
DA:141,0
DA:146,0
DA:147,0
DA:148,0
DA:151,0
DA:153,0
DA:156,0
DA:158,0
DA:162,0
DA:168,0
DA:170,0
DA:175,0
DA:176,0
DA:179,0
DA:180,0
DA:184,0
DA:185,0
DA:193,0
DA:195,0
DA:196,0
DA:198,0
DA:199,0
DA:200,0
DA:203,0
DA:206,0
DA:208,0
DA:209,0
DA:214,0
DA:215,0
DA:216,0
DA:217,0
DA:220,0
DA:221,0
DA:222,0
DA:223,0
DA:224,0
DA:225,0
DA:229,0
DA:230,0
DA:231,0
DA:232,0
DA:233,0
DA:234,0
DA:235,0
DA:239,0
DA:241,0
DA:242,0
DA:243,0
DA:246,0
DA:248,0
DA:251,0
DA:252,0
DA:255,0
DA:263,0
DA:265,0
DA:266,0
DA:268,0
DA:269,0
DA:270,0
DA:272,0
DA:273,0
DA:274,0
DA:275,0
DA:276,0
DA:280,0
DA:281,0
DA:286,0
DA:292,0
DA:300,0
DA:306,0
DA:308,0
DA:310,0
DA:311,0
DA:312,0
DA:313,0
DA:315,0
DA:320,0
DA:324,0
DA:326,0
DA:327,0
DA:328,0
DA:329,0
DA:330,0
DA:331,0
DA:332,0
DA:335,0
DA:337,0
DA:339,0
DA:341,0
DA:342,0
DA:343,0
DA:344,0
DA:346,0
LF:151
LH:0
end_of_record
SF:lib/markers/painters/svg_marker_painter.dart
DA:12,0
DA:20,0
DA:23,0
DA:25,0
DA:26,0
DA:30,0
DA:31,0
DA:32,0
DA:33,0
DA:36,0
DA:37,0
DA:38,0
DA:39,0
DA:40,0
DA:41,0
DA:42,0
DA:46,0
DA:47,0
DA:48,0
DA:49,0
DA:50,0
DA:53,0
DA:55,0
DA:58,0
DA:61,0
DA:62,0
DA:63,0
DA:66,0
DA:67,0
DA:70,0
DA:71,0
DA:72,0
DA:74,0
DA:78,0
DA:79,0
DA:80,0
DA:87,0
DA:88,0
DA:89,0
DA:90,0
DA:91,0
DA:92,0
DA:96,0
DA:97,0
DA:98,0
DA:99,0
DA:101,0
DA:102,0
DA:103,0
DA:105,0
DA:106,0
DA:107,0
DA:109,0
DA:110,0
DA:111,0
DA:112,0
DA:113,0
DA:115,0
DA:116,0
DA:118,0
DA:119,0
DA:120,0
DA:121,0
DA:123,0
DA:124,0
DA:126,0
DA:127,0
DA:128,0
DA:138,0
DA:139,0
DA:141,0
DA:142,0
DA:144,0
DA:145,0
DA:146,0
DA:149,0
DA:150,0
DA:151,0
DA:153,0
DA:155,0
DA:161,0
DA:167,0
DA:169,0
DA:170,0
DA:171,0
DA:172,0
DA:173,0
DA:181,0
LF:88
LH:0
end_of_record
SF:lib/markers/widgets/marker_label.dart
DA:13,7
DA:24,0
DA:26,0
DA:27,0
DA:28,0
DA:29,0
DA:30,0
DA:32,0
DA:33,0
DA:34,0
DA:35,0
DA:36,0
DA:37,0
DA:77,0
DA:82,0
LF:15
LH:1
end_of_record
SF:lib/markers/cache/marker_cache_manager.dart
DA:13,0
DA:14,0
DA:15,0
DA:18,0
DA:19,0
DA:20,0
DA:23,0
DA:24,0
DA:25,0
DA:26,0
DA:30,0
DA:31,0
DA:32,0
DA:33,0
DA:34,0
DA:38,0
DA:41,0
DA:42,0
DA:43,0
DA:47,0
DA:51,0
DA:52,0
DA:53,0
DA:54,0
DA:58,0
DA:59,0
DA:60,0
DA:61,0
DA:65,0
DA:66,0
DA:67,0
DA:68,0
DA:69,0
DA:70,0
DA:71,0
DA:75,0
DA:76,0
DA:77,0
DA:78,0
DA:80,0
DA:85,0
DA:87,0
DA:88,0
DA:95,0
DA:96,0
DA:97,0
DA:98,0
DA:99,0
DA:100,0
DA:108,0
DA:109,0
DA:110,0
DA:114,0
DA:116,0
LF:54
LH:0
end_of_record
SF:lib/markers/cache/cache_key.dart
DA:6,0
DA:7,0
DA:11,0
DA:12,0
DA:16,0
DA:17,0
DA:21,0
DA:22,0
DA:23,0
DA:24,0
LF:10
LH:0
end_of_record
SF:lib/markers/painters/marker_painter.dart
DA:11,0
DA:18,0
DA:20,0
DA:21,0
DA:23,0
DA:26,0
DA:27,0
DA:31,0
DA:32,0
DA:33,0
DA:34,0
DA:37,0
DA:38,0
DA:39,0
DA:40,0
DA:41,0
DA:42,0
DA:46,0
DA:49,0
DA:50,0
DA:51,0
DA:53,0
DA:54,0
DA:58,0
DA:59,0
DA:60,0
DA:61,0
DA:64,0
DA:65,0
DA:66,0
DA:67,0
DA:68,0
DA:69,0
DA:70,0
DA:75,0
DA:76,0
DA:77,0
DA:80,0
DA:81,0
DA:82,0
DA:86,0
DA:87,0
DA:88,0
DA:90,0
DA:91,0
DA:92,0
DA:93,0
DA:98,0
DA:100,0
DA:101,0
DA:102,0
DA:103,0
LF:52
LH:0
end_of_record
SF:lib/markers/painters/classic_pin_painter.dart
DA:11,0
DA:18,0
DA:20,0
DA:21,0
DA:23,0
DA:26,0
DA:27,0
DA:31,0
DA:32,0
DA:33,0
DA:34,0
DA:37,0
DA:38,0
DA:39,0
DA:40,0
DA:41,0
DA:42,0
DA:46,0
DA:49,0
DA:50,0
DA:51,0
DA:53,0
DA:54,0
DA:58,0
DA:59,0
DA:60,0
DA:61,0
DA:64,0
DA:65,0
DA:66,0
DA:67,0
DA:68,0
DA:69,0
DA:70,0
DA:75,0
DA:76,0
DA:79,0
DA:80,0
DA:81,0
DA:84,0
DA:90,0
DA:91,0
DA:92,0
DA:94,0
DA:96,0
DA:97,0
DA:98,0
DA:101,0
DA:102,0
DA:106,0
DA:107,0
DA:108,0
DA:109,0
DA:112,0
DA:113,0
DA:116,0
DA:119,0
DA:127,0
DA:129,0
DA:130,0
DA:131,0
DA:132,0
LF:62
LH:0
end_of_record
SF:lib/markers/painters/modern_flat_painter.dart
DA:11,0
DA:18,0
DA:20,0
DA:21,0
DA:23,0
DA:26,0
DA:27,0
DA:31,0
DA:32,0
DA:33,0
DA:34,0
DA:37,0
DA:38,0
DA:39,0
DA:40,0
DA:41,0
DA:42,0
DA:46,0
DA:49,0
DA:50,0
DA:51,0
DA:53,0
DA:54,0
DA:58,0
DA:59,0
DA:60,0
DA:61,0
DA:64,0
DA:65,0
DA:66,0
DA:67,0
DA:68,0
DA:69,0
DA:70,0
DA:75,0
DA:76,0
DA:77,0
DA:79,0
DA:81,0
DA:84,0
DA:85,0
DA:86,0
DA:87,0
DA:89,0
DA:90,0
DA:94,0
DA:95,0
DA:96,0
DA:98,0
DA:101,0
DA:102,0
DA:103,0
DA:105,0
DA:106,0
DA:107,0
DA:109,0
DA:113,0
DA:117,0
DA:119,0
DA:120,0
DA:121,0
DA:122,0
LF:62
LH:0
end_of_record
SF:lib/markers/painters/circular_avatar_painter.dart
DA:12,0
DA:20,0
DA:22,0
DA:23,0
DA:26,0
DA:27,0
DA:28,0
DA:29,0
DA:30,0
DA:31,0
DA:38,0
DA:39,0
DA:40,0
DA:41,0
DA:42,0
DA:43,0
DA:47,0
DA:48,0
DA:49,0
DA:50,0
DA:56,0
DA:58,0
DA:59,0
DA:60,0
DA:61,0
DA:62,0
LF:26
LH:0
end_of_record
SF:lib/markers/painters/minimal_dot_painter.dart
DA:8,0
DA:12,0
DA:14,0
DA:15,0
DA:18,0
DA:19,0
DA:20,0
DA:21,0
DA:24,0
DA:26,0
LF:10
LH:0
end_of_record
SF:lib/markers/painters/circular_icon_painter.dart
DA:31,0
DA:41,0
DA:43,0
DA:44,0
DA:46,0
DA:47,0
DA:51,0
DA:52,0
DA:53,0
DA:54,0
DA:57,0
DA:58,0
DA:59,0
DA:60,0
DA:61,0
DA:62,0
DA:63,0
DA:67,0
DA:70,0
DA:71,0
DA:72,0
DA:73,0
DA:74,0
DA:77,0
DA:78,0
DA:79,0
DA:81,0
DA:87,0
DA:88,0
DA:90,0
DA:91,0
DA:94,0
DA:95,0
DA:96,0
DA:99,0
DA:102,0
DA:104,0
DA:105,0
DA:106,0
DA:107,0
DA:108,0
DA:109,0
DA:110,0
LF:43
LH:0
end_of_record
