SF:lib/exceptions/geo_exceptions.dart
DA:23,2
DA:29,1
DA:31,3
DA:32,1
DA:33,3
DA:35,1
DA:36,3
DA:38,1
DA:71,1
DA:80,1
DA:81,1
DA:82,1
DA:89,1
DA:90,1
DA:99,1
DA:100,1
DA:101,1
DA:109,1
DA:110,1
DA:111,1
DA:118,1
DA:120,3
DA:121,3
DA:122,4
DA:123,1
DA:152,1
DA:153,1
DA:154,1
DA:161,1
DA:162,1
DA:169,1
DA:170,1
DA:177,1
DA:179,1
DA:185,1
DA:191,1
DA:193,3
DA:194,1
DA:195,3
DA:197,4
DA:198,1
DA:229,1
DA:230,1
DA:231,1
DA:238,1
DA:239,1
DA:240,1
DA:247,1
DA:251,1
DA:252,1
DA:260,1
DA:264,1
DA:267,1
DA:271,3
DA:273,1
DA:274,1
DA:281,1
DA:288,1
DA:290,3
DA:291,2
DA:292,1
DA:293,4
DA:294,1
DA:295,2
DA:296,3
DA:298,1
DA:300,4
DA:301,1
DA:323,1
DA:330,1
DA:332,1
DA:340,1
DA:342,1
DA:350,1
DA:351,1
DA:358,1
DA:360,3
LF:77
LH:77
end_of_record
SF:lib/utils/geo_math.dart
DA:50,5
DA:51,10
DA:63,1
DA:64,2
DA:74,1
DA:75,1
DA:76,1
DA:87,1
DA:88,1
DA:89,2
DA:118,5
DA:124,10
DA:125,10
DA:127,5
DA:128,5
DA:130,20
DA:131,35
DA:133,25
DA:135,5
DA:151,2
DA:158,4
DA:159,4
DA:160,2
DA:161,8
DA:163,8
DA:190,1
DA:196,1
DA:197,1
DA:198,2
DA:200,3
DA:201,4
DA:202,5
DA:204,2
DA:206,1
DA:228,1
DA:234,1
DA:235,1
DA:236,1
DA:238,1
DA:240,1
DA:241,4
DA:242,5
DA:245,1
DA:246,1
DA:247,5
DA:248,5
DA:251,1
DA:252,1
DA:253,1
DA:278,1
DA:284,1
DA:285,1
DA:286,1
DA:287,2
DA:289,3
DA:290,3
DA:292,1
DA:293,3
DA:294,8
DA:297,4
DA:299,1
DA:300,1
DA:301,1
LF:63
LH:63
end_of_record
SF:lib/models/geo_point.dart
DA:45,13
DA:48,28
DA:50,28
DA:60,3
DA:61,3
DA:62,3
DA:63,3
DA:75,3
DA:76,3
DA:77,3
DA:78,3
DA:89,1
DA:90,3
DA:95,4
DA:98,4
DA:99,12
DA:100,6
DA:103,1
DA:104,5
LF:19
LH:19
end_of_record
SF:lib/models/geo_polygon.dart
DA:34,4
DA:36,12
DA:50,1
DA:51,1
DA:52,4
DA:72,3
DA:78,3
DA:79,3
DA:80,3
DA:81,3
DA:82,3
DA:83,3
DA:89,3
DA:98,1
DA:99,3
DA:104,4
DA:105,2
DA:106,6
DA:107,6
DA:110,8
DA:111,7
DA:113,1
DA:114,1
DA:131,2
DA:132,4
DA:133,0
DA:139,4
DA:140,4
DA:141,4
DA:144,2
DA:145,6
DA:146,6
DA:157,1
DA:158,5
DA:162,0
DA:163,0
DA:166,0
DA:169,0
DA:170,0
DA:171,0
DA:174,0
DA:175,0
DA:178,0
DA:179,0
DA:180,0
DA:181,0
LF:46
LH:33
end_of_record
SF:lib/services/geo_polygon_service.dart
DA:55,2
DA:61,2
DA:65,4
DA:72,2
DA:74,2
DA:76,4
DA:77,2
DA:78,6
DA:80,2
DA:81,2
DA:86,4
DA:96,2
DA:101,2
DA:102,2
DA:104,2
DA:105,2
DA:107,2
DA:108,2
DA:111,6
DA:116,4
DA:122,12
DA:125,2
DA:140,2
DA:145,2
DA:147,6
DA:148,2
DA:149,8
DA:151,2
DA:163,2
DA:170,6
DA:171,2
DA:172,2
DA:173,6
DA:174,2
DA:175,2
DA:176,6
DA:177,2
DA:178,2
DA:179,6
DA:180,2
DA:181,2
DA:183,6
DA:184,6
DA:185,6
DA:186,6
DA:192,8
DA:193,8
DA:194,14
DA:196,4
DA:214,2
DA:215,2
DA:218,4
DA:223,6
DA:224,2
DA:225,8
DA:227,2
DA:241,2
DA:242,2
DA:243,4
DA:248,6
DA:249,2
DA:250,8
DA:251,8
DA:255,16
DA:256,14
DA:258,2
DA:259,2
DA:289,2
DA:293,6
DA:296,2
DA:306,1
DA:310,3
DA:313,1
DA:323,2
DA:327,6
DA:330,2
DA:340,1
DA:344,3
DA:357,2
DA:358,2
DA:361,6
DA:362,6
DA:363,12
DA:364,12
DA:367,4
DA:372,4
DA:378,2
DA:379,2
DA:382,6
DA:383,2
DA:384,8
DA:387,8
DA:388,8
DA:389,2
DA:390,14
DA:392,10
DA:405,2
DA:406,2
DA:408,4
DA:409,4
DA:410,4
DA:411,4
DA:413,4
DA:414,6
DA:415,5
DA:416,4
DA:417,6
DA:420,2
DA:434,1
DA:438,1
DA:440,3
DA:441,3
DA:442,3
DA:443,3
DA:452,1
DA:457,1
DA:462,0
LF:117
LH:116
end_of_record
SF:lib/models/geo_circle.dart
DA:35,4
DA:38,8
DA:54,1
DA:55,1
DA:56,2
DA:57,1
DA:71,1
DA:72,1
DA:73,2
DA:74,1
DA:90,10
DA:104,8
DA:107,0
DA:108,0
DA:111,1
DA:114,1
DA:115,3
DA:116,3
DA:119,0
DA:120,0
LF:20
LH:16
end_of_record
SF:lib/services/geo_circle_service.dart
DA:57,3
DA:61,3
DA:63,3
DA:66,6
DA:76,1
DA:80,1
DA:102,1
DA:107,1
DA:109,1
DA:112,4
DA:145,1
DA:149,1
DA:151,1
DA:154,2
DA:164,1
DA:168,2
DA:192,2
DA:196,6
DA:199,2
DA:209,1
DA:213,3
DA:216,1
DA:226,2
DA:230,6
DA:233,2
DA:243,1
DA:247,3
DA:270,1
DA:274,1
DA:276,1
DA:277,3
DA:304,1
DA:310,1
DA:311,2
DA:314,1
DA:315,2
DA:318,3
DA:319,3
DA:320,1
DA:321,2
DA:323,1
DA:324,4
DA:325,5
DA:328,1
DA:329,1
DA:330,5
DA:331,4
DA:334,1
DA:335,1
DA:336,1
DA:348,1
DA:353,3
DA:357,1
DA:375,2
DA:379,2
DA:380,2
DA:381,2
DA:384,8
DA:394,2
DA:398,2
DA:399,2
DA:400,2
DA:403,8
LF:63
LH:63
end_of_record
SF:lib/services/geo_distance_service.dart
DA:43,4
DA:47,4
DA:48,4
DA:49,4
DA:50,4
DA:51,4
DA:77,2
DA:82,6
DA:83,2
DA:96,1
DA:100,1
DA:101,1
DA:102,1
DA:103,1
DA:104,1
DA:131,2
DA:135,2
DA:140,4
DA:141,2
DA:142,2
DA:158,1
DA:162,1
DA:167,2
DA:168,1
DA:169,1
DA:197,2
DA:202,2
DA:204,4
DA:205,2
DA:206,2
DA:208,2
DA:209,1
DA:239,1
DA:244,2
DA:245,1
DA:246,1
DA:247,1
DA:270,2
DA:275,2
DA:277,4
DA:278,2
DA:279,2
DA:280,4
DA:288,4
DA:289,6
DA:315,1
DA:320,2
DA:331,1
DA:336,2
DA:337,2
LF:50
LH:50
end_of_record
